This file contains any messages produced by compilers while
running configure, to aid debugging if configure makes a mistake.

It was created by RISC-V Proxy Kernel configure 1.0.0, which was
generated by GNU Autoconf 2.71.  Invocation command line was

  $ ../configure --prefix=/home/eslab_pc_15/spike_original/pk --host=riscv64-unknown-elf --with-arch=rv64i_zifencei_zicsr

## --------- ##
## Platform. ##
## --------- ##

hostname = eslab
uname -m = x86_64
uname -r = 5.15.0-83-generic
uname -s = Linux
uname -v = #92~20.04.1-Ubuntu SMP Mon Aug 21 14:00:49 UTC 2023

/usr/bin/uname -p = x86_64
/bin/uname -X     = unknown

/bin/arch              = x86_64
/usr/bin/arch -k       = unknown
/usr/convex/getsysinfo = unknown
/usr/bin/hostinfo      = unknown
/bin/machine           = unknown
/usr/bin/oslevel       = unknown
/bin/universe          = unknown

PATH: /home/eslab_pc_15/anaconda3/bin/
PATH: /home/eslab_pc_15/anaconda3/condabin/
PATH: /home/eslab_pc_15/anaconda3/bin/
PATH: /usr/local/sbin/
PATH: /usr/local/bin/
PATH: /usr/sbin/
PATH: /usr/bin/
PATH: /sbin/
PATH: /bin/
PATH: /usr/games/
PATH: /usr/local/games/
PATH: /snap/bin/
PATH: /opt/riscv/bin/


## ----------- ##
## Core tests. ##
## ----------- ##

configure:2499: looking for aux files: install-sh config.guess config.sub
configure:2512:  trying ../scripts/
configure:2523:   ../scripts/install-sh found
configure:2541:   ../scripts/config.guess found
configure:2541:   ../scripts/config.sub found
configure:2661: checking build system type
configure:2676: result: x86_64-pc-linux-gnu
configure:2696: checking host system type
configure:2710: result: riscv64-unknown-elf
configure:2752: checking for riscv64-unknown-elf-gcc
configure:2773: found /opt/riscv/bin/riscv64-unknown-elf-gcc
configure:2784: result: riscv64-unknown-elf-gcc
configure:3182: checking for C compiler version
configure:3191: riscv64-unknown-elf-gcc --version >&5
riscv64-unknown-elf-gcc (g2ee5e430018) 12.2.0
Copyright (C) 2022 Free Software Foundation, Inc.
This is free software; see the source for copying conditions.  There is NO
warranty; not even for MERCHANTABILITY or FITNESS FOR A PARTICULAR PURPOSE.

configure:3202: $? = 0
configure:3191: riscv64-unknown-elf-gcc -v >&5
Using built-in specs.
COLLECT_GCC=riscv64-unknown-elf-gcc
COLLECT_LTO_WRAPPER=/opt/riscv/libexec/gcc/riscv64-unknown-elf/12.2.0/lto-wrapper
Target: riscv64-unknown-elf
Configured with: /home/eslab_pc_15/riscv-gnu-toolchain/build/../gcc/configure --target=riscv64-unknown-elf --prefix=/opt/riscv --disable-shared --disable-threads --enable-languages=c,c++ --with-pkgversion=g2ee5e430018 --with-system-zlib --enable-tls --with-newlib --with-sysroot=/opt/riscv/riscv64-unknown-elf --with-native-system-header-dir=/include --disable-libmudflap --disable-libssp --disable-libquadmath --disable-libgomp --disable-nls --disable-tm-clone-registry --src=../../gcc --disable-multilib --with-abi=lp64 --with-arch=rv64i --with-tune=rocket --with-isa-spec=20191213 'CFLAGS_FOR_TARGET=-Os    -mcmodel=medlow' 'CXXFLAGS_FOR_TARGET=-Os    -mcmodel=medlow'
Thread model: single
Supported LTO compression algorithms: zlib
gcc version 12.2.0 (g2ee5e430018) 
configure:3202: $? = 0
configure:3191: riscv64-unknown-elf-gcc -V >&5
riscv64-unknown-elf-gcc: error: unrecognized command-line option '-V'
riscv64-unknown-elf-gcc: fatal error: no input files
compilation terminated.
configure:3202: $? = 1
configure:3191: riscv64-unknown-elf-gcc -qversion >&5
riscv64-unknown-elf-gcc: error: unrecognized command-line option '-qversion'; did you mean '--version'?
riscv64-unknown-elf-gcc: fatal error: no input files
compilation terminated.
configure:3202: $? = 1
configure:3191: riscv64-unknown-elf-gcc -version >&5
riscv64-unknown-elf-gcc: error: unrecognized command-line option '-version'
riscv64-unknown-elf-gcc: fatal error: no input files
compilation terminated.
configure:3202: $? = 1
configure:3222: checking whether the C compiler works
configure:3244: riscv64-unknown-elf-gcc    conftest.c  >&5
configure:3248: $? = 0
configure:3298: result: yes
configure:3301: checking for C compiler default output file name
configure:3303: result: a.out
configure:3309: checking for suffix of executables
configure:3316: riscv64-unknown-elf-gcc -o conftest    conftest.c  >&5
configure:3320: $? = 0
configure:3343: result: 
configure:3365: checking whether we are cross compiling
configure:3373: riscv64-unknown-elf-gcc -o conftest    conftest.c  >&5
configure:3377: $? = 0
configure:3384: ./conftest
../configure: line 3386: ./conftest: cannot execute binary file: Exec format error
configure:3388: $? = 126
configure:3376: result: yes
configure:3381: checking for suffix of object files
configure:3404: riscv64-unknown-elf-gcc -c   conftest.c >&5
configure:3408: $? = 0
configure:3430: result: o
configure:3434: checking whether the compiler supports GNU C
configure:3454: riscv64-unknown-elf-gcc -c   conftest.c >&5
configure:3454: $? = 0
configure:3464: result: yes
configure:3475: checking whether riscv64-unknown-elf-gcc accepts -g
configure:3496: riscv64-unknown-elf-gcc -c -g  conftest.c >&5
configure:3496: $? = 0
configure:3540: result: yes
configure:3560: checking for riscv64-unknown-elf-gcc option to enable C11 features
configure:3575: riscv64-unknown-elf-gcc  -c -g -O2  conftest.c >&5
configure:3575: $? = 0
configure:3593: result: none needed
configure:3723: checking for riscv64-unknown-elf-g++
configure:3744: found /opt/riscv/bin/riscv64-unknown-elf-g++
configure:3755: result: riscv64-unknown-elf-g++
configure:3831: checking for C++ compiler version
configure:3840: riscv64-unknown-elf-g++ --version >&5
riscv64-unknown-elf-g++ (g2ee5e430018) 12.2.0
Copyright (C) 2022 Free Software Foundation, Inc.
This is free software; see the source for copying conditions.  There is NO
warranty; not even for MERCHANTABILITY or FITNESS FOR A PARTICULAR PURPOSE.

configure:3851: $? = 0
configure:3840: riscv64-unknown-elf-g++ -v >&5
Using built-in specs.
COLLECT_GCC=riscv64-unknown-elf-g++
COLLECT_LTO_WRAPPER=/opt/riscv/libexec/gcc/riscv64-unknown-elf/12.2.0/lto-wrapper
Target: riscv64-unknown-elf
Configured with: /home/eslab_pc_15/riscv-gnu-toolchain/build/../gcc/configure --target=riscv64-unknown-elf --prefix=/opt/riscv --disable-shared --disable-threads --enable-languages=c,c++ --with-pkgversion=g2ee5e430018 --with-system-zlib --enable-tls --with-newlib --with-sysroot=/opt/riscv/riscv64-unknown-elf --with-native-system-header-dir=/include --disable-libmudflap --disable-libssp --disable-libquadmath --disable-libgomp --disable-nls --disable-tm-clone-registry --src=../../gcc --disable-multilib --with-abi=lp64 --with-arch=rv64i --with-tune=rocket --with-isa-spec=20191213 'CFLAGS_FOR_TARGET=-Os    -mcmodel=medlow' 'CXXFLAGS_FOR_TARGET=-Os    -mcmodel=medlow'
Thread model: single
Supported LTO compression algorithms: zlib
gcc version 12.2.0 (g2ee5e430018) 
configure:3851: $? = 0
configure:3840: riscv64-unknown-elf-g++ -V >&5
riscv64-unknown-elf-g++: error: unrecognized command-line option '-V'
riscv64-unknown-elf-g++: fatal error: no input files
compilation terminated.
configure:3851: $? = 1
configure:3840: riscv64-unknown-elf-g++ -qversion >&5
riscv64-unknown-elf-g++: error: unrecognized command-line option '-qversion'; did you mean '--version'?
riscv64-unknown-elf-g++: fatal error: no input files
compilation terminated.
configure:3851: $? = 1
configure:3855: checking whether the compiler supports GNU C++
configure:3875: riscv64-unknown-elf-g++ -c   conftest.cpp >&5
configure:3875: $? = 0
configure:3885: result: yes
configure:3896: checking whether riscv64-unknown-elf-g++ accepts -g
configure:3917: riscv64-unknown-elf-g++ -c -g  conftest.cpp >&5
configure:3917: $? = 0
configure:3961: result: yes
configure:3981: checking for riscv64-unknown-elf-g++ option to enable C++11 features
configure:3996: riscv64-unknown-elf-g++  -c -g -O2  conftest.cpp >&5
conftest.cpp: In function 'int main(int, char**)':
conftest.cpp:175:25: warning: empty parentheses were disambiguated as a function declaration [-Wvexing-parse]
  175 |   cxx11test::delegate d2();
      |                         ^~
conftest.cpp:175:25: note: remove parentheses to default-initialize a variable
  175 |   cxx11test::delegate d2();
      |                         ^~
      |                         --
conftest.cpp:175:25: note: or replace parentheses with braces to value-initialize a variable
configure:3996: $? = 0
configure:4014: result: none needed
configure:4081: checking for riscv64-unknown-elf-ar
configure:4102: found /usr/bin/riscv64-unknown-elf-ar
configure:4113: result: riscv64-unknown-elf-ar
configure:4183: checking for riscv64-unknown-elf-ranlib
configure:4204: found /usr/bin/riscv64-unknown-elf-ranlib
configure:4215: result: riscv64-unknown-elf-ranlib
configure:4285: checking for riscv64-unknown-elf-readelf
configure:4306: found /usr/bin/riscv64-unknown-elf-readelf
configure:4317: result: riscv64-unknown-elf-readelf
configure:4387: checking for riscv64-unknown-elf-objcopy
configure:4408: found /usr/bin/riscv64-unknown-elf-objcopy
configure:4419: result: riscv64-unknown-elf-objcopy
configure:4509: checking for a BSD-compatible install
configure:4582: result: /usr/bin/install -c
configure:4733: checking for stdio.h
configure:4733: riscv64-unknown-elf-gcc -c -g -O2  conftest.c >&5
configure:4733: $? = 0
configure:4733: result: yes
configure:4733: checking for stdlib.h
configure:4733: riscv64-unknown-elf-gcc -c -g -O2  conftest.c >&5
configure:4733: $? = 0
configure:4733: result: yes
configure:4733: checking for string.h
configure:4733: riscv64-unknown-elf-gcc -c -g -O2  conftest.c >&5
configure:4733: $? = 0
configure:4733: result: yes
configure:4733: checking for inttypes.h
configure:4733: riscv64-unknown-elf-gcc -c -g -O2  conftest.c >&5
configure:4733: $? = 0
configure:4733: result: yes
configure:4733: checking for stdint.h
configure:4733: riscv64-unknown-elf-gcc -c -g -O2  conftest.c >&5
configure:4733: $? = 0
configure:4733: result: yes
configure:4733: checking for strings.h
configure:4733: riscv64-unknown-elf-gcc -c -g -O2  conftest.c >&5
configure:4733: $? = 0
configure:4733: result: yes
configure:4733: checking for sys/stat.h
configure:4733: riscv64-unknown-elf-gcc -c -g -O2  conftest.c >&5
configure:4733: $? = 0
configure:4733: result: yes
configure:4733: checking for sys/types.h
configure:4733: riscv64-unknown-elf-gcc -c -g -O2  conftest.c >&5
configure:4733: $? = 0
configure:4733: result: yes
configure:4733: checking for unistd.h
configure:4733: riscv64-unknown-elf-gcc -c -g -O2  conftest.c >&5
configure:4733: $? = 0
configure:4733: result: yes
configure:4758: checking for grep that handles long lines and -e
configure:4822: result: /usr/bin/grep
configure:4830: checking for egrep
configure:4898: result: /usr/bin/grep -E
configure:4953: checking for __ashldi3 in -lgcc
configure:4976: riscv64-unknown-elf-gcc -o conftest -Wall -Werror -D__NO_INLINE__ -mcmodel=medany -O2 -std=gnu99 -Wno-unused -Wno-attributes -fno-delete-null-pointer-checks -fno-PIE   -Wl,--build-id=none conftest.c -lgcc   >&5
/opt/riscv/lib/gcc/riscv64-unknown-elf/12.2.0/../../../../riscv64-unknown-elf/bin/ld: /tmp/ccnKpImf.o: in function `main':
conftest.c:(.text.startup+0x8): undefined reference to `__ashldi3'
collect2: error: ld returned 1 exit status
configure:4976: $? = 1
configure: failed program was:
| /* confdefs.h */
| #define PACKAGE_NAME "RISC-V Proxy Kernel"
| #define PACKAGE_TARNAME "riscv-pk"
| #define PACKAGE_VERSION "1.0.0"
| #define PACKAGE_STRING "RISC-V Proxy Kernel 1.0.0"
| #define PACKAGE_BUGREPORT "Andrew Waterman"
| #define PACKAGE_URL ""
| #define HAVE_STDIO_H 1
| #define HAVE_STDLIB_H 1
| #define HAVE_STRING_H 1
| #define HAVE_INTTYPES_H 1
| #define HAVE_STDINT_H 1
| #define HAVE_STRINGS_H 1
| #define HAVE_SYS_STAT_H 1
| #define HAVE_SYS_TYPES_H 1
| #define HAVE_UNISTD_H 1
| #define STDC_HEADERS 1
| /* end confdefs.h.  */
| 
| /* Override any GCC internal prototype to avoid an error.
|    Use char because int might match the return type of a GCC
|    builtin and then its argument prototype would still apply.  */
| char __ashldi3 ();
| int
| main (void)
| {
| return __ashldi3 ();
|   ;
|   return 0;
| }
configure:4986: result: no
configure:4994: checking for __ashlti3 in -lgcc
configure:5017: riscv64-unknown-elf-gcc -o conftest -Wall -Werror -D__NO_INLINE__ -mcmodel=medany -O2 -std=gnu99 -Wno-unused -Wno-attributes -fno-delete-null-pointer-checks -fno-PIE   -Wl,--build-id=none conftest.c -lgcc   >&5
configure:5017: $? = 0
configure:5027: result: yes
configure:5122: configuring default subproject : pk
configure:5183: configuring default subproject : bbl
configure:5295: configuring default subproject : softfloat
configure:5340: configuring default subproject : dummy_payload
configure:5385: configuring default subproject : machine
configure:5459: configuring default subproject : util
configure:5605: creating ./config.status

## ---------------------- ##
## Running config.status. ##
## ---------------------- ##

This file was extended by RISC-V Proxy Kernel config.status 1.0.0, which was
generated by GNU Autoconf 2.71.  Invocation command line was

  CONFIG_FILES    = 
  CONFIG_HEADERS  = 
  CONFIG_LINKS    = 
  CONFIG_COMMANDS = 
  $ ./config.status 

on eslab

config.status:834: creating pk.mk
config.status:834: creating bbl.mk
config.status:834: creating softfloat.mk
config.status:834: creating dummy_payload.mk
config.status:834: creating machine.mk
config.status:834: creating util.mk
config.status:834: creating Makefile
config.status:834: creating config.h

## ---------------- ##
## Cache variables. ##
## ---------------- ##

ac_cv_build=x86_64-pc-linux-gnu
ac_cv_c_compiler_gnu=yes
ac_cv_cxx_compiler_gnu=yes
ac_cv_env_CCC_set=
ac_cv_env_CCC_value=
ac_cv_env_CC_set=
ac_cv_env_CC_value=
ac_cv_env_CFLAGS_set=
ac_cv_env_CFLAGS_value=
ac_cv_env_CPPFLAGS_set=
ac_cv_env_CPPFLAGS_value=
ac_cv_env_CXXFLAGS_set=
ac_cv_env_CXXFLAGS_value=
ac_cv_env_CXX_set=
ac_cv_env_CXX_value=
ac_cv_env_LDFLAGS_set=
ac_cv_env_LDFLAGS_value=
ac_cv_env_LIBS_set=
ac_cv_env_LIBS_value=
ac_cv_env_RISCV_set=
ac_cv_env_RISCV_value=
ac_cv_env_STOW_PREFIX_set=
ac_cv_env_STOW_PREFIX_value=
ac_cv_env_STOW_ROOT_set=
ac_cv_env_STOW_ROOT_value=
ac_cv_env_build_alias_set=
ac_cv_env_build_alias_value=
ac_cv_env_host_alias_set=set
ac_cv_env_host_alias_value=riscv64-unknown-elf
ac_cv_env_target_alias_set=
ac_cv_env_target_alias_value=
ac_cv_header_inttypes_h=yes
ac_cv_header_stdint_h=yes
ac_cv_header_stdio_h=yes
ac_cv_header_stdlib_h=yes
ac_cv_header_string_h=yes
ac_cv_header_strings_h=yes
ac_cv_header_sys_stat_h=yes
ac_cv_header_sys_types_h=yes
ac_cv_header_unistd_h=yes
ac_cv_host=riscv64-unknown-elf
ac_cv_lib_gcc___ashldi3=no
ac_cv_lib_gcc___ashlti3=yes
ac_cv_objext=o
ac_cv_path_EGREP='/usr/bin/grep -E'
ac_cv_path_GREP=/usr/bin/grep
ac_cv_path_install='/usr/bin/install -c'
ac_cv_prog_AR=riscv64-unknown-elf-ar
ac_cv_prog_CC=riscv64-unknown-elf-gcc
ac_cv_prog_CXX=riscv64-unknown-elf-g++
ac_cv_prog_OBJCOPY=riscv64-unknown-elf-objcopy
ac_cv_prog_RANLIB=riscv64-unknown-elf-ranlib
ac_cv_prog_READELF=riscv64-unknown-elf-readelf
ac_cv_prog_cc_c11=
ac_cv_prog_cc_g=yes
ac_cv_prog_cc_stdc=
ac_cv_prog_cxx_11=no
ac_cv_prog_cxx_cxx11=
ac_cv_prog_cxx_g=yes
ac_cv_prog_cxx_stdcxx=

## ----------------- ##
## Output variables. ##
## ----------------- ##

AR='riscv64-unknown-elf-ar'
BBL_ENABLE_LOGO=''
BBL_LOGO_FILE='riscv_logo.txt'
BBL_PAYLOAD='dummy_payload'
CC='riscv64-unknown-elf-gcc'
CFLAGS='-Wall -Werror -D__NO_INLINE__ -mcmodel=medany -O2 -std=gnu99 -Wno-unused -Wno-attributes -fno-delete-null-pointer-checks -fno-PIE'
CPPFLAGS=''
CUSTOM_DTS='no'
CXX='riscv64-unknown-elf-g++'
CXXFLAGS='-g -O2'
DEFS='-DHAVE_CONFIG_H'
ECHO_C=''
ECHO_N='-n'
ECHO_T=''
EGREP='/usr/bin/grep -E'
EXEEXT=''
GREP='/usr/bin/grep'
INSTALL_DATA='${INSTALL} -m 644'
INSTALL_PROGRAM='${INSTALL}'
INSTALL_SCRIPT='${INSTALL}'
LDFLAGS=' -Wl,--build-id=none'
LIBOBJS=''
LIBS='-lgcc'
LTLIBOBJS=''
MEM_START='0x80000000'
OBJCOPY='riscv64-unknown-elf-objcopy'
OBJEXT='o'
PACKAGE_BUGREPORT='Andrew Waterman'
PACKAGE_NAME='RISC-V Proxy Kernel'
PACKAGE_STRING='RISC-V Proxy Kernel 1.0.0'
PACKAGE_TARNAME='riscv-pk'
PACKAGE_URL=''
PACKAGE_VERSION='1.0.0'
PATH_SEPARATOR=':'
RANLIB='riscv64-unknown-elf-ranlib'
READELF='riscv64-unknown-elf-readelf'
RISCV=''
SHELL='/bin/bash'
STOW_PREFIX=''
STOW_ROOT=''
WITH_ABI=''
WITH_ARCH='rv64i_zifencei_zicsr'
ac_ct_CC=''
ac_ct_CXX=''
bindir='${exec_prefix}/bin'
build='x86_64-pc-linux-gnu'
build_alias=''
build_cpu='x86_64'
build_os='linux-gnu'
build_vendor='pc'
datadir='${datarootdir}'
datarootdir='${prefix}/share'
docdir='${datarootdir}/doc/${PACKAGE_TARNAME}'
dvidir='${docdir}'
enable_stow='no'
exec_prefix='${prefix}'
host='riscv64-unknown-elf'
host_alias='riscv64-unknown-elf'
host_cpu='riscv64'
host_os='elf'
host_vendor='unknown'
htmldir='${docdir}'
includedir='${prefix}/include'
infodir='${datarootdir}/info'
libdir='${exec_prefix}/lib'
libexecdir='${exec_prefix}/libexec'
localedir='${datarootdir}/locale'
localstatedir='${prefix}/var'
mandir='${datarootdir}/man'
oldincludedir='/usr/include'
pdfdir='${docdir}'
prefix='/home/eslab_pc_15/spike_original/pk'
program_transform_name='s,x,x,'
psdir='${docdir}'
runstatedir='${localstatedir}/run'
sbindir='${exec_prefix}/sbin'
sharedstatedir='${prefix}/com'
stow=''
subprojects=' pk bbl softfloat dummy_payload machine util'
subprojects_enabled=' pk bbl softfloat dummy_payload machine util'
sysconfdir='${prefix}/etc'
target_alias=''

## ----------- ##
## confdefs.h. ##
## ----------- ##

/* confdefs.h */
#define PACKAGE_NAME "RISC-V Proxy Kernel"
#define PACKAGE_TARNAME "riscv-pk"
#define PACKAGE_VERSION "1.0.0"
#define PACKAGE_STRING "RISC-V Proxy Kernel 1.0.0"
#define PACKAGE_BUGREPORT "Andrew Waterman"
#define PACKAGE_URL ""
#define HAVE_STDIO_H 1
#define HAVE_STDLIB_H 1
#define HAVE_STRING_H 1
#define HAVE_INTTYPES_H 1
#define HAVE_STDINT_H 1
#define HAVE_STRINGS_H 1
#define HAVE_SYS_STAT_H 1
#define HAVE_SYS_TYPES_H 1
#define HAVE_UNISTD_H 1
#define STDC_HEADERS 1
#define PK_ENABLED /**/
#define PK_ENABLE_VM /**/
#define BBL_ENABLED /**/
#define RELAXED_ALIGNMENT 1
#define SOFTFLOAT_ENABLED /**/
#define DUMMY_PAYLOAD_ENABLED /**/
#define MACHINE_ENABLED /**/
#define PK_ENABLE_FP_EMULATION /**/
#define UTIL_ENABLED /**/

configure: exit 0
